usage: run_kfed.py [-h] [-d D] [-k K] [-l L] [-b B] [-p P] [-n N]
usage: run_kfed.py [-h] [-d D] [-k K] [-l L] [-b B] [-p P] [-n N]
usage: run_kfed.py [-h] [-d D] [-k K] [-l L] [-b B] [-p P] [-n N]
run_kfed.py: error: argument -p: expected one argument
run_kfed.py: error: argument -p: expected one argument
run_kfed.py: error: argument -p: expected one argument
usage: run_kfed.py [-h] [-d D] [-k K] [-l L] [-b B] [-p P] [-n N]
run_kfed.py: error: argument -p: expected one argument
usage: run_kfed.py [-h] [-d D] [-k K] [-l L] [-b B] [-p P] [-n N]
run_kfed.py: error: argument -p: expected one argument
usage: run_kfed.py [-h] [-d D] [-k K] [-l L] [-b B] [-p P] [-n N]
run_kfed.py: error: argument -p: expected one argument
usage: run_kfed.py [-h] [-d D] [-k K] [-l L] [-b B] [-p P] [-n N]
run_kfed.py: error: argument -p: expected one argument
usage: run_kfed.py [-h] [-d D] [-k K] [-l L] [-b B] [-p P] [-n N]
run_kfed.py: error: argument -p: expected one argument
usage: run_kfed.py [-h] [-d D] [-k K] [-l L] [-b B] [-p P] [-n N]
run_kfed.py: error: argument -p: expected one argument
usage: run_kfed.py [-h] [-d D] [-k K] [-l L] [-b B] [-p P] [-n N]
run_kfed.py: error: argument -p: expected one argument
usage: run_kfed.py [-h] [-d D] [-k K] [-l L] [-b B] [-p P] [-n N]
run_kfed.py: error: argument -p: expected one argument
usage: run_kfed.py [-h] [-d D] [-k K] [-l L] [-b B] [-p P] [-n N]
run_kfed.py: error: argument -p: expected one argument
usage: run_kfed.py [-h] [-d D] [-k K] [-l L] [-b B] [-p P] [-n N]
run_kfed.py: error: argument -p: expected one argument
usage: run_kfed.py [-h] [-d D] [-k K] [-l L] [-b B] [-p P] [-n N]
run_kfed.py: error: argument -p: expected one argument
usage: run_kfed.py [-h] [-d D] [-k K] [-l L] [-b B] [-p P] [-n N]
run_kfed.py: error: argument -p: expected one argument
usage: run_kfed.py [-h] [-d D] [-k K] [-l L] [-b B] [-p P] [-n N]
run_kfed.py: error: argument -p: expected one argument
usage: run_kfed.py [-h] [-d D] [-k K] [-l L] [-b B] [-p P] [-n N]
run_kfed.py: error: argument -p: expected one argument
usage: run_kfed.py [-h] [-d D] [-k K] [-l L] [-b B] [-p P] [-n N]
run_kfed.py: error: argument -p: expected one argument
usage: run_kfed.py [-h] [-d D] [-k K] [-l L] [-b B] [-p P] [-n N]
run_kfed.py: error: argument -p: expected one argument
usage: run_kfed.py [-h] [-d D] [-k K] [-l L] [-b B] [-p P] [-n N]
run_kfed.py: error: argument -p: expected one argument
usage: run_kfed.py [-h] [-d D] [-k K] [-l L] [-b B] [-p P] [-n N]
run_kfed.py: error: argument -p: expected one argument
usage: run_kfed.py [-h] [-d D] [-k K] [-l L] [-b B] [-p P] [-n N]
run_kfed.py: error: argument -p: expected one argument
usage: run_kfed.py [-h] [-d D] [-k K] [-l L] [-b B] [-p P] [-n N]
run_kfed.py: error: argument -p: expected one argument
usage: run_kfed.py [-h] [-d D] [-k K] [-l L] [-b B] [-p P] [-n N]
run_kfed.py: error: argument -p: expected one argument
usage: run_kfed.py [-h] [-d D] [-k K] [-l L] [-b B] [-p P] [-n N]
run_kfed.py: error: argument -p: expected one argument
usage: run_kfed.py [-h] [-d D] [-k K] [-l L] [-b B] [-p P] [-n N]
run_kfed.py: error: argument -p: expected one argument
usage: run_kfed.py [-h] [-d D] [-k K] [-l L] [-b B] [-p P] [-n N]
run_kfed.py: error: argument -p: expected one argument
usage: run_kfed.py [-h] [-d D] [-k K] [-l L] [-b B] [-p P] [-n N]
run_kfed.py: error: argument -p: expected one argument
usage: run_kfed.py [-h] [-d D] [-k K] [-l L] [-b B] [-p P] [-n N]
run_kfed.py: error: argument -p: expected one argument
usage: run_kfed.py [-h] [-d D] [-k K] [-l L] [-b B] [-p P] [-n N]
run_kfed.py: error: argument -p: expected one argument
usage: run_kfed.py [-h] [-d D] [-k K] [-l L] [-b B] [-p P] [-n N]
run_kfed.py: error: argument -p: expected one argument
usage: run_kfed.py [-h] [-d D] [-k K] [-l L] [-b B] [-p P] [-n N]
run_kfed.py: error: argument -p: expected one argument
usage: run_kfed.py [-h] [-d D] [-k K] [-l L] [-b B] [-p P] [-n N]
run_kfed.py: error: argument -p: expected one argument
usage: run_kfed.py [-h] [-d D] [-k K] [-l L] [-b B] [-p P] [-n N]
run_kfed.py: error: argument -p: expected one argument
usage: run_kfed.py [-h] [-d D] [-k K] [-l L] [-b B] [-p P] [-n N]
run_kfed.py: error: argument -p: expected one argument
usage: run_kfed.py [-h] [-d D] [-k K] [-l L] [-b B] [-p P] [-n N]
run_kfed.py: error: argument -p: expected one argument
usage: run_kfed.py [-h] [-d D] [-k K] [-l L] [-b B] [-p P] [-n N]
run_kfed.py: error: argument -p: expected one argument
usage: run_kfed.py [-h] [-d D] [-k K] [-l L] [-b B] [-p P] [-n N]
run_kfed.py: error: argument -p: expected one argument
usage: run_kfed.py [-h] [-d D] [-k K] [-l L] [-b B] [-p P] [-n N]
run_kfed.py: error: argument -p: expected one argument
usage: run_kfed.py [-h] [-d D] [-k K] [-l L] [-b B] [-p P] [-n N]
run_kfed.py: error: argument -p: expected one argument
usage: run_kfed.py [-h] [-d D] [-k K] [-l L] [-b B] [-p P] [-n N]
run_kfed.py: error: argument -p: expected one argument
usage: run_kfed.py [-h] [-d D] [-k K] [-l L] [-b B] [-p P] [-n N]
run_kfed.py: error: argument -p: expected one argument
srun: error: awi25: tasks 32-67: Exited with exit code 2
srun: launch/slurm: _step_signal: Terminating StepId=10671134.0
slurmstepd: error: *** STEP 10671134.0 ON awi24 CANCELLED AT 2024-07-03T11:29:31 ***
srun: error: influ6: tasks 178-189,191-199: Terminated
slurmstepd: error: common_file_write_content: unable to open '/sys/fs/cgroup/freezer/slurm/uid_618619/job_10671134/step_0/freezer.state' for writing: Permission denied
srun: error: influ4: tasks 104-127: Terminated
srun: error: awi24: tasks 0-14,16-18,20-23,25-31: Terminated
srun: error: awi24: tasks 15,19,24: Exited with exit code 2
srun: error: awi26: tasks 68-103: Terminated
srun: error: influ5: tasks 128-177: Terminated
slurmstepd: error: common_file_write_content: unable to open '/sys/fs/cgroup/freezer/slurm/uid_618619/job_10671134/step_0/freezer.state' for writing: Permission denied
srun: error: influ6: task 190: Terminated
srun: Force Terminated StepId=10671134.0
