Traceback (most recent call last):
  File "/tudelft.net/staff-bulk/ewi/insy/DBL/swiergarst/fedKMeans/HPC_scripts/../main.py", line 40, in <module>
Traceback (most recent call last):
  File "/tudelft.net/staff-bulk/ewi/insy/DBL/swiergarst/fedKMeans/HPC_scripts/../main.py", line 40, in <module>
Traceback (most recent call last):
  File "/tudelft.net/staff-bulk/ewi/insy/DBL/swiergarst/fedKMeans/HPC_scripts/../main.py", line 40, in <module>
Traceback (most recent call last):
  File "/tudelft.net/staff-bulk/ewi/insy/DBL/swiergarst/fedKMeans/HPC_scripts/../main.py", line 40, in <module>
Traceback (most recent call last):
  File "/tudelft.net/staff-bulk/ewi/insy/DBL/swiergarst/fedKMeans/HPC_scripts/../main.py", line 40, in <module>
Traceback (most recent call last):
  File "/tudelft.net/staff-bulk/ewi/insy/DBL/swiergarst/fedKMeans/HPC_scripts/../main.py", line 40, in <module>
Traceback (most recent call last):
  File "/tudelft.net/staff-bulk/ewi/insy/DBL/swiergarst/fedKMeans/HPC_scripts/../main.py", line 40, in <module>
Traceback (most recent call last):
  File "/tudelft.net/staff-bulk/ewi/insy/DBL/swiergarst/fedKMeans/HPC_scripts/../main.py", line 40, in <module>
Traceback (most recent call last):
  File "/tudelft.net/staff-bulk/ewi/insy/DBL/swiergarst/fedKMeans/HPC_scripts/../main.py", line 40, in <module>
Traceback (most recent call last):
  File "/tudelft.net/staff-bulk/ewi/insy/DBL/swiergarst/fedKMeans/HPC_scripts/../main.py", line 40, in <module>
Traceback (most recent call last):
  File "/tudelft.net/staff-bulk/ewi/insy/DBL/swiergarst/fedKMeans/HPC_scripts/../main.py", line 40, in <module>
Traceback (most recent call last):
  File "/tudelft.net/staff-bulk/ewi/insy/DBL/swiergarst/fedKMeans/HPC_scripts/../main.py", line 40, in <module>
Traceback (most recent call last):
  File "/tudelft.net/staff-bulk/ewi/insy/DBL/swiergarst/fedKMeans/HPC_scripts/../main.py", line 40, in <module>
Traceback (most recent call last):
  File "/tudelft.net/staff-bulk/ewi/insy/DBL/swiergarst/fedKMeans/HPC_scripts/../main.py", line 40, in <module>
Traceback (most recent call last):
  File "/tudelft.net/staff-bulk/ewi/insy/DBL/swiergarst/fedKMeans/HPC_scripts/../main.py", line 40, in <module>
Traceback (most recent call last):
  File "/tudelft.net/staff-bulk/ewi/insy/DBL/swiergarst/fedKMeans/HPC_scripts/../main.py", line 40, in <module>
Traceback (most recent call last):
  File "/tudelft.net/staff-bulk/ewi/insy/DBL/swiergarst/fedKMeans/HPC_scripts/../main.py", line 40, in <module>
Traceback (most recent call last):
  File "/tudelft.net/staff-bulk/ewi/insy/DBL/swiergarst/fedKMeans/HPC_scripts/../main.py", line 40, in <module>
Traceback (most recent call last):
  File "/tudelft.net/staff-bulk/ewi/insy/DBL/swiergarst/fedKMeans/HPC_scripts/../main.py", line 40, in <module>
Traceback (most recent call last):
  File "/tudelft.net/staff-bulk/ewi/insy/DBL/swiergarst/fedKMeans/HPC_scripts/../main.py", line 40, in <module>
Traceback (most recent call last):
  File "/tudelft.net/staff-bulk/ewi/insy/DBL/swiergarst/fedKMeans/HPC_scripts/../main.py", line 40, in <module>
Traceback (most recent call last):
  File "/tudelft.net/staff-bulk/ewi/insy/DBL/swiergarst/fedKMeans/HPC_scripts/../main.py", line 40, in <module>
Traceback (most recent call last):
  File "/tudelft.net/staff-bulk/ewi/insy/DBL/swiergarst/fedKMeans/HPC_scripts/../main.py", line 40, in <module>
Traceback (most recent call last):
  File "/tudelft.net/staff-bulk/ewi/insy/DBL/swiergarst/fedKMeans/HPC_scripts/../main.py", line 40, in <module>
Traceback (most recent call last):
  File "/tudelft.net/staff-bulk/ewi/insy/DBL/swiergarst/fedKMeans/HPC_scripts/../main.py", line 40, in <module>
Traceback (most recent call last):
  File "/tudelft.net/staff-bulk/ewi/insy/DBL/swiergarst/fedKMeans/HPC_scripts/../main.py", line 40, in <module>
Traceback (most recent call last):
  File "/tudelft.net/staff-bulk/ewi/insy/DBL/swiergarst/fedKMeans/HPC_scripts/../main.py", line 40, in <module>
Traceback (most recent call last):
  File "/tudelft.net/staff-bulk/ewi/insy/DBL/swiergarst/fedKMeans/HPC_scripts/../main.py", line 40, in <module>
Traceback (most recent call last):
  File "/tudelft.net/staff-bulk/ewi/insy/DBL/swiergarst/fedKMeans/HPC_scripts/../main.py", line 40, in <module>
Traceback (most recent call last):
  File "/tudelft.net/staff-bulk/ewi/insy/DBL/swiergarst/fedKMeans/HPC_scripts/../main.py", line 40, in <module>
Traceback (most recent call last):
  File "/tudelft.net/staff-bulk/ewi/insy/DBL/swiergarst/fedKMeans/HPC_scripts/../main.py", line 40, in <module>
Traceback (most recent call last):
  File "/tudelft.net/staff-bulk/ewi/insy/DBL/swiergarst/fedKMeans/HPC_scripts/../main.py", line 40, in <module>
Traceback (most recent call last):
  File "/tudelft.net/staff-bulk/ewi/insy/DBL/swiergarst/fedKMeans/HPC_scripts/../main.py", line 40, in <module>
Traceback (most recent call last):
  File "/tudelft.net/staff-bulk/ewi/insy/DBL/swiergarst/fedKMeans/HPC_scripts/../main.py", line 40, in <module>
Traceback (most recent call last):
  File "/tudelft.net/staff-bulk/ewi/insy/DBL/swiergarst/fedKMeans/HPC_scripts/../main.py", line 40, in <module>
Traceback (most recent call last):
  File "/tudelft.net/staff-bulk/ewi/insy/DBL/swiergarst/fedKMeans/HPC_scripts/../main.py", line 40, in <module>
    results = run(config)
  File "/tudelft.net/staff-bulk/ewi/insy/DBL/swiergarst/fedKMeans/fed_kmeans.py", line 160, in run
    results = run(config)
  File "/tudelft.net/staff-bulk/ewi/insy/DBL/swiergarst/fedKMeans/fed_kmeans.py", line 160, in run
    results = run(config)
  File "/tudelft.net/staff-bulk/ewi/insy/DBL/swiergarst/fedKMeans/fed_kmeans.py", line 160, in run
    results = run(config)
  File "/tudelft.net/staff-bulk/ewi/insy/DBL/swiergarst/fedKMeans/fed_kmeans.py", line 160, in run
    results = run(config)
  File "/tudelft.net/staff-bulk/ewi/insy/DBL/swiergarst/fedKMeans/fed_kmeans.py", line 160, in run
    results = run(config)
  File "/tudelft.net/staff-bulk/ewi/insy/DBL/swiergarst/fedKMeans/fed_kmeans.py", line 160, in run
    results = run(config)
  File "/tudelft.net/staff-bulk/ewi/insy/DBL/swiergarst/fedKMeans/fed_kmeans.py", line 160, in run
    results = run(config)
  File "/tudelft.net/staff-bulk/ewi/insy/DBL/swiergarst/fedKMeans/fed_kmeans.py", line 160, in run
    results = run(config)
  File "/tudelft.net/staff-bulk/ewi/insy/DBL/swiergarst/fedKMeans/fed_kmeans.py", line 160, in run
    results = run(config)
  File "/tudelft.net/staff-bulk/ewi/insy/DBL/swiergarst/fedKMeans/fed_kmeans.py", line 160, in run
    results = run(config)
  File "/tudelft.net/staff-bulk/ewi/insy/DBL/swiergarst/fedKMeans/fed_kmeans.py", line 160, in run
    results = run(config)
  File "/tudelft.net/staff-bulk/ewi/insy/DBL/swiergarst/fedKMeans/fed_kmeans.py", line 160, in run
    results = run(config)
  File "/tudelft.net/staff-bulk/ewi/insy/DBL/swiergarst/fedKMeans/fed_kmeans.py", line 160, in run
    results = run(config)
  File "/tudelft.net/staff-bulk/ewi/insy/DBL/swiergarst/fedKMeans/fed_kmeans.py", line 160, in run
    results = run(config)
  File "/tudelft.net/staff-bulk/ewi/insy/DBL/swiergarst/fedKMeans/fed_kmeans.py", line 160, in run
    results = run(config)
  File "/tudelft.net/staff-bulk/ewi/insy/DBL/swiergarst/fedKMeans/fed_kmeans.py", line 160, in run
    results = run(config)
  File "/tudelft.net/staff-bulk/ewi/insy/DBL/swiergarst/fedKMeans/fed_kmeans.py", line 160, in run
    results = run(config)
  File "/tudelft.net/staff-bulk/ewi/insy/DBL/swiergarst/fedKMeans/fed_kmeans.py", line 160, in run
    results = run(config)
  File "/tudelft.net/staff-bulk/ewi/insy/DBL/swiergarst/fedKMeans/fed_kmeans.py", line 160, in run
    results = run(config)
  File "/tudelft.net/staff-bulk/ewi/insy/DBL/swiergarst/fedKMeans/fed_kmeans.py", line 160, in run
    results = run(config)
  File "/tudelft.net/staff-bulk/ewi/insy/DBL/swiergarst/fedKMeans/fed_kmeans.py", line 160, in run
    results = run(config)
  File "/tudelft.net/staff-bulk/ewi/insy/DBL/swiergarst/fedKMeans/fed_kmeans.py", line 160, in run
    results = run(config)
  File "/tudelft.net/staff-bulk/ewi/insy/DBL/swiergarst/fedKMeans/fed_kmeans.py", line 160, in run
    results = run(config)
  File "/tudelft.net/staff-bulk/ewi/insy/DBL/swiergarst/fedKMeans/fed_kmeans.py", line 160, in run
    results = run(config)
  File "/tudelft.net/staff-bulk/ewi/insy/DBL/swiergarst/fedKMeans/fed_kmeans.py", line 160, in run
    results = run(config)
  File "/tudelft.net/staff-bulk/ewi/insy/DBL/swiergarst/fedKMeans/fed_kmeans.py", line 160, in run
    results = run(config)
  File "/tudelft.net/staff-bulk/ewi/insy/DBL/swiergarst/fedKMeans/fed_kmeans.py", line 160, in run
    results = run(config)
  File "/tudelft.net/staff-bulk/ewi/insy/DBL/swiergarst/fedKMeans/fed_kmeans.py", line 160, in run
    results = run(config)
  File "/tudelft.net/staff-bulk/ewi/insy/DBL/swiergarst/fedKMeans/fed_kmeans.py", line 160, in run
    results = run(config)
  File "/tudelft.net/staff-bulk/ewi/insy/DBL/swiergarst/fedKMeans/fed_kmeans.py", line 160, in run
    results = run(config)
  File "/tudelft.net/staff-bulk/ewi/insy/DBL/swiergarst/fedKMeans/fed_kmeans.py", line 160, in run
    results = run(config)
  File "/tudelft.net/staff-bulk/ewi/insy/DBL/swiergarst/fedKMeans/fed_kmeans.py", line 160, in run
    results = run(config)
  File "/tudelft.net/staff-bulk/ewi/insy/DBL/swiergarst/fedKMeans/fed_kmeans.py", line 160, in run
    results = run(config)
  File "/tudelft.net/staff-bulk/ewi/insy/DBL/swiergarst/fedKMeans/fed_kmeans.py", line 160, in run
    results = run(config)
  File "/tudelft.net/staff-bulk/ewi/insy/DBL/swiergarst/fedKMeans/fed_kmeans.py", line 160, in run
    results = run(config)
  File "/tudelft.net/staff-bulk/ewi/insy/DBL/swiergarst/fedKMeans/fed_kmeans.py", line 160, in run
    clients, local_clusters, cluster_sizes = load_clients(config)
  File "/tudelft.net/staff-bulk/ewi/insy/DBL/swiergarst/fedKMeans/fed_kmeans.py", line 127, in load_clients
    clients, local_clusters, cluster_sizes = load_clients(config)
  File "/tudelft.net/staff-bulk/ewi/insy/DBL/swiergarst/fedKMeans/fed_kmeans.py", line 127, in load_clients
    clients, local_clusters, cluster_sizes = load_clients(config)
  File "/tudelft.net/staff-bulk/ewi/insy/DBL/swiergarst/fedKMeans/fed_kmeans.py", line 127, in load_clients
    clients, local_clusters, cluster_sizes = load_clients(config)
  File "/tudelft.net/staff-bulk/ewi/insy/DBL/swiergarst/fedKMeans/fed_kmeans.py", line 127, in load_clients
    clients, local_clusters, cluster_sizes = load_clients(config)
  File "/tudelft.net/staff-bulk/ewi/insy/DBL/swiergarst/fedKMeans/fed_kmeans.py", line 127, in load_clients
    clients, local_clusters, cluster_sizes = load_clients(config)
  File "/tudelft.net/staff-bulk/ewi/insy/DBL/swiergarst/fedKMeans/fed_kmeans.py", line 127, in load_clients
    clients, local_clusters, cluster_sizes = load_clients(config)
  File "/tudelft.net/staff-bulk/ewi/insy/DBL/swiergarst/fedKMeans/fed_kmeans.py", line 127, in load_clients
    clients, local_clusters, cluster_sizes = load_clients(config)
  File "/tudelft.net/staff-bulk/ewi/insy/DBL/swiergarst/fedKMeans/fed_kmeans.py", line 127, in load_clients
    clients, local_clusters, cluster_sizes = load_clients(config)
  File "/tudelft.net/staff-bulk/ewi/insy/DBL/swiergarst/fedKMeans/fed_kmeans.py", line 127, in load_clients
    clients, local_clusters, cluster_sizes = load_clients(config)
  File "/tudelft.net/staff-bulk/ewi/insy/DBL/swiergarst/fedKMeans/fed_kmeans.py", line 127, in load_clients
    clients, local_clusters, cluster_sizes = load_clients(config)
  File "/tudelft.net/staff-bulk/ewi/insy/DBL/swiergarst/fedKMeans/fed_kmeans.py", line 127, in load_clients
    clients, local_clusters, cluster_sizes = load_clients(config)
  File "/tudelft.net/staff-bulk/ewi/insy/DBL/swiergarst/fedKMeans/fed_kmeans.py", line 127, in load_clients
    clients, local_clusters, cluster_sizes = load_clients(config)
  File "/tudelft.net/staff-bulk/ewi/insy/DBL/swiergarst/fedKMeans/fed_kmeans.py", line 127, in load_clients
    clients, local_clusters, cluster_sizes = load_clients(config)
  File "/tudelft.net/staff-bulk/ewi/insy/DBL/swiergarst/fedKMeans/fed_kmeans.py", line 127, in load_clients
    clients, local_clusters, cluster_sizes = load_clients(config)
  File "/tudelft.net/staff-bulk/ewi/insy/DBL/swiergarst/fedKMeans/fed_kmeans.py", line 127, in load_clients
    clients, local_clusters, cluster_sizes = load_clients(config)
  File "/tudelft.net/staff-bulk/ewi/insy/DBL/swiergarst/fedKMeans/fed_kmeans.py", line 127, in load_clients
    clients, local_clusters, cluster_sizes = load_clients(config)
  File "/tudelft.net/staff-bulk/ewi/insy/DBL/swiergarst/fedKMeans/fed_kmeans.py", line 127, in load_clients
    clients, local_clusters, cluster_sizes = load_clients(config)
  File "/tudelft.net/staff-bulk/ewi/insy/DBL/swiergarst/fedKMeans/fed_kmeans.py", line 127, in load_clients
    clients, local_clusters, cluster_sizes = load_clients(config)
  File "/tudelft.net/staff-bulk/ewi/insy/DBL/swiergarst/fedKMeans/fed_kmeans.py", line 127, in load_clients
    clients, local_clusters, cluster_sizes = load_clients(config)
  File "/tudelft.net/staff-bulk/ewi/insy/DBL/swiergarst/fedKMeans/fed_kmeans.py", line 127, in load_clients
    clients, local_clusters, cluster_sizes = load_clients(config)
  File "/tudelft.net/staff-bulk/ewi/insy/DBL/swiergarst/fedKMeans/fed_kmeans.py", line 127, in load_clients
    clients, local_clusters, cluster_sizes = load_clients(config)
  File "/tudelft.net/staff-bulk/ewi/insy/DBL/swiergarst/fedKMeans/fed_kmeans.py", line 127, in load_clients
    clients, local_clusters, cluster_sizes = load_clients(config)
  File "/tudelft.net/staff-bulk/ewi/insy/DBL/swiergarst/fedKMeans/fed_kmeans.py", line 127, in load_clients
    clients, local_clusters, cluster_sizes = load_clients(config)
  File "/tudelft.net/staff-bulk/ewi/insy/DBL/swiergarst/fedKMeans/fed_kmeans.py", line 127, in load_clients
    clients, local_clusters, cluster_sizes = load_clients(config)
  File "/tudelft.net/staff-bulk/ewi/insy/DBL/swiergarst/fedKMeans/fed_kmeans.py", line 127, in load_clients
    clients, local_clusters, cluster_sizes = load_clients(config)
  File "/tudelft.net/staff-bulk/ewi/insy/DBL/swiergarst/fedKMeans/fed_kmeans.py", line 127, in load_clients
    clients, local_clusters, cluster_sizes = load_clients(config)
  File "/tudelft.net/staff-bulk/ewi/insy/DBL/swiergarst/fedKMeans/fed_kmeans.py", line 127, in load_clients
    clients, local_clusters, cluster_sizes = load_clients(config)
  File "/tudelft.net/staff-bulk/ewi/insy/DBL/swiergarst/fedKMeans/fed_kmeans.py", line 127, in load_clients
    clients, local_clusters, cluster_sizes = load_clients(config)
  File "/tudelft.net/staff-bulk/ewi/insy/DBL/swiergarst/fedKMeans/fed_kmeans.py", line 127, in load_clients
    clients, local_clusters, cluster_sizes = load_clients(config)
  File "/tudelft.net/staff-bulk/ewi/insy/DBL/swiergarst/fedKMeans/fed_kmeans.py", line 127, in load_clients
    clients, local_clusters, cluster_sizes = load_clients(config)
  File "/tudelft.net/staff-bulk/ewi/insy/DBL/swiergarst/fedKMeans/fed_kmeans.py", line 127, in load_clients
    clients, local_clusters, cluster_sizes = load_clients(config)
  File "/tudelft.net/staff-bulk/ewi/insy/DBL/swiergarst/fedKMeans/fed_kmeans.py", line 127, in load_clients
    clients, local_clusters, cluster_sizes = load_clients(config)
  File "/tudelft.net/staff-bulk/ewi/insy/DBL/swiergarst/fedKMeans/fed_kmeans.py", line 127, in load_clients
    clients, local_clusters, cluster_sizes = load_clients(config)
  File "/tudelft.net/staff-bulk/ewi/insy/DBL/swiergarst/fedKMeans/fed_kmeans.py", line 127, in load_clients
    clients, local_clusters, cluster_sizes = load_clients(config)
  File "/tudelft.net/staff-bulk/ewi/insy/DBL/swiergarst/fedKMeans/fed_kmeans.py", line 127, in load_clients
    data, labels = load_data(i, config['dset'], beta=config['beta'], ppc = config['ppc'], noise=config['noise'])
  File "/tudelft.net/staff-bulk/ewi/insy/DBL/swiergarst/fedKMeans/common.py", line 32, in load_data
    data, labels = load_data(i, config['dset'], beta=config['beta'], ppc = config['ppc'], noise=config['noise'])
  File "/tudelft.net/staff-bulk/ewi/insy/DBL/swiergarst/fedKMeans/common.py", line 32, in load_data
    data, labels = load_data(i, config['dset'], beta=config['beta'], ppc = config['ppc'], noise=config['noise'])
  File "/tudelft.net/staff-bulk/ewi/insy/DBL/swiergarst/fedKMeans/common.py", line 32, in load_data
    data, labels = load_data(i, config['dset'], beta=config['beta'], ppc = config['ppc'], noise=config['noise'])
  File "/tudelft.net/staff-bulk/ewi/insy/DBL/swiergarst/fedKMeans/common.py", line 32, in load_data
    data, labels = load_data(i, config['dset'], beta=config['beta'], ppc = config['ppc'], noise=config['noise'])
  File "/tudelft.net/staff-bulk/ewi/insy/DBL/swiergarst/fedKMeans/common.py", line 32, in load_data
    clients, local_clusters, cluster_sizes = load_clients(config)
  File "/tudelft.net/staff-bulk/ewi/insy/DBL/swiergarst/fedKMeans/fed_kmeans.py", line 127, in load_clients
    data, labels = load_data(i, config['dset'], beta=config['beta'], ppc = config['ppc'], noise=config['noise'])
  File "/tudelft.net/staff-bulk/ewi/insy/DBL/swiergarst/fedKMeans/common.py", line 32, in load_data
    data, labels = load_data(i, config['dset'], beta=config['beta'], ppc = config['ppc'], noise=config['noise'])
  File "/tudelft.net/staff-bulk/ewi/insy/DBL/swiergarst/fedKMeans/common.py", line 32, in load_data
    data, labels = load_data(i, config['dset'], beta=config['beta'], ppc = config['ppc'], noise=config['noise'])
  File "/tudelft.net/staff-bulk/ewi/insy/DBL/swiergarst/fedKMeans/common.py", line 32, in load_data
    data, labels = load_data(i, config['dset'], beta=config['beta'], ppc = config['ppc'], noise=config['noise'])
  File "/tudelft.net/staff-bulk/ewi/insy/DBL/swiergarst/fedKMeans/common.py", line 32, in load_data
    data, labels = load_data(i, config['dset'], beta=config['beta'], ppc = config['ppc'], noise=config['noise'])
  File "/tudelft.net/staff-bulk/ewi/insy/DBL/swiergarst/fedKMeans/common.py", line 32, in load_data
    data, labels = load_data(i, config['dset'], beta=config['beta'], ppc = config['ppc'], noise=config['noise'])
  File "/tudelft.net/staff-bulk/ewi/insy/DBL/swiergarst/fedKMeans/common.py", line 32, in load_data
    data, labels = load_data(i, config['dset'], beta=config['beta'], ppc = config['ppc'], noise=config['noise'])
  File "/tudelft.net/staff-bulk/ewi/insy/DBL/swiergarst/fedKMeans/common.py", line 32, in load_data
    data, labels = load_data(i, config['dset'], beta=config['beta'], ppc = config['ppc'], noise=config['noise'])
  File "/tudelft.net/staff-bulk/ewi/insy/DBL/swiergarst/fedKMeans/common.py", line 32, in load_data
    data, labels = load_data(i, config['dset'], beta=config['beta'], ppc = config['ppc'], noise=config['noise'])
  File "/tudelft.net/staff-bulk/ewi/insy/DBL/swiergarst/fedKMeans/common.py", line 32, in load_data
    data, labels = load_data(i, config['dset'], beta=config['beta'], ppc = config['ppc'], noise=config['noise'])
  File "/tudelft.net/staff-bulk/ewi/insy/DBL/swiergarst/fedKMeans/common.py", line 32, in load_data
    data, labels = load_data(i, config['dset'], beta=config['beta'], ppc = config['ppc'], noise=config['noise'])
  File "/tudelft.net/staff-bulk/ewi/insy/DBL/swiergarst/fedKMeans/common.py", line 32, in load_data
    data, labels = load_data(i, config['dset'], beta=config['beta'], ppc = config['ppc'], noise=config['noise'])
  File "/tudelft.net/staff-bulk/ewi/insy/DBL/swiergarst/fedKMeans/common.py", line 32, in load_data
    data, labels = load_data(i, config['dset'], beta=config['beta'], ppc = config['ppc'], noise=config['noise'])
  File "/tudelft.net/staff-bulk/ewi/insy/DBL/swiergarst/fedKMeans/common.py", line 32, in load_data
    data, labels = load_data(i, config['dset'], beta=config['beta'], ppc = config['ppc'], noise=config['noise'])
  File "/tudelft.net/staff-bulk/ewi/insy/DBL/swiergarst/fedKMeans/common.py", line 32, in load_data
    data, labels = load_data(i, config['dset'], beta=config['beta'], ppc = config['ppc'], noise=config['noise'])
  File "/tudelft.net/staff-bulk/ewi/insy/DBL/swiergarst/fedKMeans/common.py", line 32, in load_data
    data, labels = load_data(i, config['dset'], beta=config['beta'], ppc = config['ppc'], noise=config['noise'])
  File "/tudelft.net/staff-bulk/ewi/insy/DBL/swiergarst/fedKMeans/common.py", line 32, in load_data
    data, labels = load_data(i, config['dset'], beta=config['beta'], ppc = config['ppc'], noise=config['noise'])
  File "/tudelft.net/staff-bulk/ewi/insy/DBL/swiergarst/fedKMeans/common.py", line 32, in load_data
    data, labels = load_data(i, config['dset'], beta=config['beta'], ppc = config['ppc'], noise=config['noise'])
  File "/tudelft.net/staff-bulk/ewi/insy/DBL/swiergarst/fedKMeans/common.py", line 32, in load_data
    data, labels = load_data(i, config['dset'], beta=config['beta'], ppc = config['ppc'], noise=config['noise'])
  File "/tudelft.net/staff-bulk/ewi/insy/DBL/swiergarst/fedKMeans/common.py", line 32, in load_data
    data, labels = load_data(i, config['dset'], beta=config['beta'], ppc = config['ppc'], noise=config['noise'])
  File "/tudelft.net/staff-bulk/ewi/insy/DBL/swiergarst/fedKMeans/common.py", line 32, in load_data
    data, labels = load_data(i, config['dset'], beta=config['beta'], ppc = config['ppc'], noise=config['noise'])
  File "/tudelft.net/staff-bulk/ewi/insy/DBL/swiergarst/fedKMeans/common.py", line 32, in load_data
    data, labels = load_data(i, config['dset'], beta=config['beta'], ppc = config['ppc'], noise=config['noise'])
  File "/tudelft.net/staff-bulk/ewi/insy/DBL/swiergarst/fedKMeans/common.py", line 32, in load_data
    data, labels = load_data(i, config['dset'], beta=config['beta'], ppc = config['ppc'], noise=config['noise'])
  File "/tudelft.net/staff-bulk/ewi/insy/DBL/swiergarst/fedKMeans/common.py", line 32, in load_data
    data, labels = load_data(i, config['dset'], beta=config['beta'], ppc = config['ppc'], noise=config['noise'])
  File "/tudelft.net/staff-bulk/ewi/insy/DBL/swiergarst/fedKMeans/common.py", line 32, in load_data
    data, labels = load_data(i, config['dset'], beta=config['beta'], ppc = config['ppc'], noise=config['noise'])
  File "/tudelft.net/staff-bulk/ewi/insy/DBL/swiergarst/fedKMeans/common.py", line 32, in load_data
    data, labels = load_data(i, config['dset'], beta=config['beta'], ppc = config['ppc'], noise=config['noise'])
  File "/tudelft.net/staff-bulk/ewi/insy/DBL/swiergarst/fedKMeans/common.py", line 32, in load_data
    data, labels = load_data(i, config['dset'], beta=config['beta'], ppc = config['ppc'], noise=config['noise'])
  File "/tudelft.net/staff-bulk/ewi/insy/DBL/swiergarst/fedKMeans/common.py", line 32, in load_data
    data, labels = load_data(i, config['dset'], beta=config['beta'], ppc = config['ppc'], noise=config['noise'])
  File "/tudelft.net/staff-bulk/ewi/insy/DBL/swiergarst/fedKMeans/common.py", line 32, in load_data
    data, labels = load_data(i, config['dset'], beta=config['beta'], ppc = config['ppc'], noise=config['noise'])
  File "/tudelft.net/staff-bulk/ewi/insy/DBL/swiergarst/fedKMeans/common.py", line 32, in load_data
    data, labels = load_data(i, config['dset'], beta=config['beta'], ppc = config['ppc'], noise=config['noise'])
  File "/tudelft.net/staff-bulk/ewi/insy/DBL/swiergarst/fedKMeans/common.py", line 32, in load_data
    data = np.genfromtxt(datafile, delimiter=',')
  File "/tudelft.net/staff-bulk/ewi/insy/DBL/swiergarst/flower/lib/python3.10/site-packages/numpy/lib/npyio.py", line 1980, in genfromtxt
    data = np.genfromtxt(datafile, delimiter=',')
  File "/tudelft.net/staff-bulk/ewi/insy/DBL/swiergarst/flower/lib/python3.10/site-packages/numpy/lib/npyio.py", line 1980, in genfromtxt
    data = np.genfromtxt(datafile, delimiter=',')
  File "/tudelft.net/staff-bulk/ewi/insy/DBL/swiergarst/flower/lib/python3.10/site-packages/numpy/lib/npyio.py", line 1980, in genfromtxt
    data = np.genfromtxt(datafile, delimiter=',')
  File "/tudelft.net/staff-bulk/ewi/insy/DBL/swiergarst/flower/lib/python3.10/site-packages/numpy/lib/npyio.py", line 1980, in genfromtxt
    data = np.genfromtxt(datafile, delimiter=',')
  File "/tudelft.net/staff-bulk/ewi/insy/DBL/swiergarst/flower/lib/python3.10/site-packages/numpy/lib/npyio.py", line 1980, in genfromtxt
    data = np.genfromtxt(datafile, delimiter=',')
  File "/tudelft.net/staff-bulk/ewi/insy/DBL/swiergarst/flower/lib/python3.10/site-packages/numpy/lib/npyio.py", line 1980, in genfromtxt
    data = np.genfromtxt(datafile, delimiter=',')
  File "/tudelft.net/staff-bulk/ewi/insy/DBL/swiergarst/flower/lib/python3.10/site-packages/numpy/lib/npyio.py", line 1980, in genfromtxt
    data = np.genfromtxt(datafile, delimiter=',')
  File "/tudelft.net/staff-bulk/ewi/insy/DBL/swiergarst/flower/lib/python3.10/site-packages/numpy/lib/npyio.py", line 1980, in genfromtxt
    data, labels = load_data(i, config['dset'], beta=config['beta'], ppc = config['ppc'], noise=config['noise'])
  File "/tudelft.net/staff-bulk/ewi/insy/DBL/swiergarst/fedKMeans/common.py", line 32, in load_data
    data = np.genfromtxt(datafile, delimiter=',')
  File "/tudelft.net/staff-bulk/ewi/insy/DBL/swiergarst/flower/lib/python3.10/site-packages/numpy/lib/npyio.py", line 1980, in genfromtxt
    data = np.genfromtxt(datafile, delimiter=',')
  File "/tudelft.net/staff-bulk/ewi/insy/DBL/swiergarst/flower/lib/python3.10/site-packages/numpy/lib/npyio.py", line 1980, in genfromtxt
    data = np.genfromtxt(datafile, delimiter=',')
  File "/tudelft.net/staff-bulk/ewi/insy/DBL/swiergarst/flower/lib/python3.10/site-packages/numpy/lib/npyio.py", line 1980, in genfromtxt
    data = np.genfromtxt(datafile, delimiter=',')
  File "/tudelft.net/staff-bulk/ewi/insy/DBL/swiergarst/flower/lib/python3.10/site-packages/numpy/lib/npyio.py", line 1980, in genfromtxt
    data = np.genfromtxt(datafile, delimiter=',')
  File "/tudelft.net/staff-bulk/ewi/insy/DBL/swiergarst/flower/lib/python3.10/site-packages/numpy/lib/npyio.py", line 1980, in genfromtxt
    data = np.genfromtxt(datafile, delimiter=',')
  File "/tudelft.net/staff-bulk/ewi/insy/DBL/swiergarst/flower/lib/python3.10/site-packages/numpy/lib/npyio.py", line 1980, in genfromtxt
    data = np.genfromtxt(datafile, delimiter=',')
  File "/tudelft.net/staff-bulk/ewi/insy/DBL/swiergarst/flower/lib/python3.10/site-packages/numpy/lib/npyio.py", line 1980, in genfromtxt
    data = np.genfromtxt(datafile, delimiter=',')
  File "/tudelft.net/staff-bulk/ewi/insy/DBL/swiergarst/flower/lib/python3.10/site-packages/numpy/lib/npyio.py", line 1980, in genfromtxt
    data = np.genfromtxt(datafile, delimiter=',')
  File "/tudelft.net/staff-bulk/ewi/insy/DBL/swiergarst/flower/lib/python3.10/site-packages/numpy/lib/npyio.py", line 1980, in genfromtxt
    data = np.genfromtxt(datafile, delimiter=',')
  File "/tudelft.net/staff-bulk/ewi/insy/DBL/swiergarst/flower/lib/python3.10/site-packages/numpy/lib/npyio.py", line 1980, in genfromtxt
    data = np.genfromtxt(datafile, delimiter=',')
  File "/tudelft.net/staff-bulk/ewi/insy/DBL/swiergarst/flower/lib/python3.10/site-packages/numpy/lib/npyio.py", line 1980, in genfromtxt
    data = np.genfromtxt(datafile, delimiter=',')
  File "/tudelft.net/staff-bulk/ewi/insy/DBL/swiergarst/flower/lib/python3.10/site-packages/numpy/lib/npyio.py", line 1980, in genfromtxt
    data = np.genfromtxt(datafile, delimiter=',')
  File "/tudelft.net/staff-bulk/ewi/insy/DBL/swiergarst/flower/lib/python3.10/site-packages/numpy/lib/npyio.py", line 1980, in genfromtxt
    data = np.genfromtxt(datafile, delimiter=',')
  File "/tudelft.net/staff-bulk/ewi/insy/DBL/swiergarst/flower/lib/python3.10/site-packages/numpy/lib/npyio.py", line 1980, in genfromtxt
    data = np.genfromtxt(datafile, delimiter=',')
  File "/tudelft.net/staff-bulk/ewi/insy/DBL/swiergarst/flower/lib/python3.10/site-packages/numpy/lib/npyio.py", line 1980, in genfromtxt
    data = np.genfromtxt(datafile, delimiter=',')
  File "/tudelft.net/staff-bulk/ewi/insy/DBL/swiergarst/flower/lib/python3.10/site-packages/numpy/lib/npyio.py", line 1980, in genfromtxt
    data = np.genfromtxt(datafile, delimiter=',')
  File "/tudelft.net/staff-bulk/ewi/insy/DBL/swiergarst/flower/lib/python3.10/site-packages/numpy/lib/npyio.py", line 1980, in genfromtxt
    data = np.genfromtxt(datafile, delimiter=',')
  File "/tudelft.net/staff-bulk/ewi/insy/DBL/swiergarst/flower/lib/python3.10/site-packages/numpy/lib/npyio.py", line 1980, in genfromtxt
    data = np.genfromtxt(datafile, delimiter=',')
  File "/tudelft.net/staff-bulk/ewi/insy/DBL/swiergarst/flower/lib/python3.10/site-packages/numpy/lib/npyio.py", line 1980, in genfromtxt
    data = np.genfromtxt(datafile, delimiter=',')
  File "/tudelft.net/staff-bulk/ewi/insy/DBL/swiergarst/flower/lib/python3.10/site-packages/numpy/lib/npyio.py", line 1980, in genfromtxt
    data = np.genfromtxt(datafile, delimiter=',')
  File "/tudelft.net/staff-bulk/ewi/insy/DBL/swiergarst/flower/lib/python3.10/site-packages/numpy/lib/npyio.py", line 1980, in genfromtxt
    data = np.genfromtxt(datafile, delimiter=',')
  File "/tudelft.net/staff-bulk/ewi/insy/DBL/swiergarst/flower/lib/python3.10/site-packages/numpy/lib/npyio.py", line 1980, in genfromtxt
    data = np.genfromtxt(datafile, delimiter=',')
  File "/tudelft.net/staff-bulk/ewi/insy/DBL/swiergarst/flower/lib/python3.10/site-packages/numpy/lib/npyio.py", line 1980, in genfromtxt
    data = np.genfromtxt(datafile, delimiter=',')
  File "/tudelft.net/staff-bulk/ewi/insy/DBL/swiergarst/flower/lib/python3.10/site-packages/numpy/lib/npyio.py", line 1980, in genfromtxt
    data = np.genfromtxt(datafile, delimiter=',')
  File "/tudelft.net/staff-bulk/ewi/insy/DBL/swiergarst/flower/lib/python3.10/site-packages/numpy/lib/npyio.py", line 1980, in genfromtxt
    data = np.genfromtxt(datafile, delimiter=',')
  File "/tudelft.net/staff-bulk/ewi/insy/DBL/swiergarst/flower/lib/python3.10/site-packages/numpy/lib/npyio.py", line 1980, in genfromtxt
    data = np.genfromtxt(datafile, delimiter=',')
  File "/tudelft.net/staff-bulk/ewi/insy/DBL/swiergarst/flower/lib/python3.10/site-packages/numpy/lib/npyio.py", line 1980, in genfromtxt
    data = np.genfromtxt(datafile, delimiter=',')
  File "/tudelft.net/staff-bulk/ewi/insy/DBL/swiergarst/flower/lib/python3.10/site-packages/numpy/lib/npyio.py", line 1980, in genfromtxt
    fid = np.lib._datasource.open(fname, 'rt', encoding=encoding)
  File "/tudelft.net/staff-bulk/ewi/insy/DBL/swiergarst/flower/lib/python3.10/site-packages/numpy/lib/_datasource.py", line 193, in open
    fid = np.lib._datasource.open(fname, 'rt', encoding=encoding)
  File "/tudelft.net/staff-bulk/ewi/insy/DBL/swiergarst/flower/lib/python3.10/site-packages/numpy/lib/_datasource.py", line 193, in open
    fid = np.lib._datasource.open(fname, 'rt', encoding=encoding)
  File "/tudelft.net/staff-bulk/ewi/insy/DBL/swiergarst/flower/lib/python3.10/site-packages/numpy/lib/_datasource.py", line 193, in open
    fid = np.lib._datasource.open(fname, 'rt', encoding=encoding)
  File "/tudelft.net/staff-bulk/ewi/insy/DBL/swiergarst/flower/lib/python3.10/site-packages/numpy/lib/_datasource.py", line 193, in open
    fid = np.lib._datasource.open(fname, 'rt', encoding=encoding)
  File "/tudelft.net/staff-bulk/ewi/insy/DBL/swiergarst/flower/lib/python3.10/site-packages/numpy/lib/_datasource.py", line 193, in open
    fid = np.lib._datasource.open(fname, 'rt', encoding=encoding)
  File "/tudelft.net/staff-bulk/ewi/insy/DBL/swiergarst/flower/lib/python3.10/site-packages/numpy/lib/_datasource.py", line 193, in open
    fid = np.lib._datasource.open(fname, 'rt', encoding=encoding)
  File "/tudelft.net/staff-bulk/ewi/insy/DBL/swiergarst/flower/lib/python3.10/site-packages/numpy/lib/_datasource.py", line 193, in open
    fid = np.lib._datasource.open(fname, 'rt', encoding=encoding)
  File "/tudelft.net/staff-bulk/ewi/insy/DBL/swiergarst/flower/lib/python3.10/site-packages/numpy/lib/_datasource.py", line 193, in open
    fid = np.lib._datasource.open(fname, 'rt', encoding=encoding)
  File "/tudelft.net/staff-bulk/ewi/insy/DBL/swiergarst/flower/lib/python3.10/site-packages/numpy/lib/_datasource.py", line 193, in open
    fid = np.lib._datasource.open(fname, 'rt', encoding=encoding)
  File "/tudelft.net/staff-bulk/ewi/insy/DBL/swiergarst/flower/lib/python3.10/site-packages/numpy/lib/_datasource.py", line 193, in open
    fid = np.lib._datasource.open(fname, 'rt', encoding=encoding)
  File "/tudelft.net/staff-bulk/ewi/insy/DBL/swiergarst/flower/lib/python3.10/site-packages/numpy/lib/_datasource.py", line 193, in open
    fid = np.lib._datasource.open(fname, 'rt', encoding=encoding)
  File "/tudelft.net/staff-bulk/ewi/insy/DBL/swiergarst/flower/lib/python3.10/site-packages/numpy/lib/_datasource.py", line 193, in open
    fid = np.lib._datasource.open(fname, 'rt', encoding=encoding)
  File "/tudelft.net/staff-bulk/ewi/insy/DBL/swiergarst/flower/lib/python3.10/site-packages/numpy/lib/_datasource.py", line 193, in open
    fid = np.lib._datasource.open(fname, 'rt', encoding=encoding)
  File "/tudelft.net/staff-bulk/ewi/insy/DBL/swiergarst/flower/lib/python3.10/site-packages/numpy/lib/_datasource.py", line 193, in open
    fid = np.lib._datasource.open(fname, 'rt', encoding=encoding)
  File "/tudelft.net/staff-bulk/ewi/insy/DBL/swiergarst/flower/lib/python3.10/site-packages/numpy/lib/_datasource.py", line 193, in open
    fid = np.lib._datasource.open(fname, 'rt', encoding=encoding)
  File "/tudelft.net/staff-bulk/ewi/insy/DBL/swiergarst/flower/lib/python3.10/site-packages/numpy/lib/_datasource.py", line 193, in open
    fid = np.lib._datasource.open(fname, 'rt', encoding=encoding)
  File "/tudelft.net/staff-bulk/ewi/insy/DBL/swiergarst/flower/lib/python3.10/site-packages/numpy/lib/_datasource.py", line 193, in open
    fid = np.lib._datasource.open(fname, 'rt', encoding=encoding)
  File "/tudelft.net/staff-bulk/ewi/insy/DBL/swiergarst/flower/lib/python3.10/site-packages/numpy/lib/_datasource.py", line 193, in open
    fid = np.lib._datasource.open(fname, 'rt', encoding=encoding)
  File "/tudelft.net/staff-bulk/ewi/insy/DBL/swiergarst/flower/lib/python3.10/site-packages/numpy/lib/_datasource.py", line 193, in open
    fid = np.lib._datasource.open(fname, 'rt', encoding=encoding)
  File "/tudelft.net/staff-bulk/ewi/insy/DBL/swiergarst/flower/lib/python3.10/site-packages/numpy/lib/_datasource.py", line 193, in open
    fid = np.lib._datasource.open(fname, 'rt', encoding=encoding)
  File "/tudelft.net/staff-bulk/ewi/insy/DBL/swiergarst/flower/lib/python3.10/site-packages/numpy/lib/_datasource.py", line 193, in open
    fid = np.lib._datasource.open(fname, 'rt', encoding=encoding)
  File "/tudelft.net/staff-bulk/ewi/insy/DBL/swiergarst/flower/lib/python3.10/site-packages/numpy/lib/_datasource.py", line 193, in open
    fid = np.lib._datasource.open(fname, 'rt', encoding=encoding)
  File "/tudelft.net/staff-bulk/ewi/insy/DBL/swiergarst/flower/lib/python3.10/site-packages/numpy/lib/_datasource.py", line 193, in open
    fid = np.lib._datasource.open(fname, 'rt', encoding=encoding)
  File "/tudelft.net/staff-bulk/ewi/insy/DBL/swiergarst/flower/lib/python3.10/site-packages/numpy/lib/_datasource.py", line 193, in open
    fid = np.lib._datasource.open(fname, 'rt', encoding=encoding)
  File "/tudelft.net/staff-bulk/ewi/insy/DBL/swiergarst/flower/lib/python3.10/site-packages/numpy/lib/_datasource.py", line 193, in open
    fid = np.lib._datasource.open(fname, 'rt', encoding=encoding)
  File "/tudelft.net/staff-bulk/ewi/insy/DBL/swiergarst/flower/lib/python3.10/site-packages/numpy/lib/_datasource.py", line 193, in open
    fid = np.lib._datasource.open(fname, 'rt', encoding=encoding)
  File "/tudelft.net/staff-bulk/ewi/insy/DBL/swiergarst/flower/lib/python3.10/site-packages/numpy/lib/_datasource.py", line 193, in open
    fid = np.lib._datasource.open(fname, 'rt', encoding=encoding)
  File "/tudelft.net/staff-bulk/ewi/insy/DBL/swiergarst/flower/lib/python3.10/site-packages/numpy/lib/_datasource.py", line 193, in open
    fid = np.lib._datasource.open(fname, 'rt', encoding=encoding)
  File "/tudelft.net/staff-bulk/ewi/insy/DBL/swiergarst/flower/lib/python3.10/site-packages/numpy/lib/_datasource.py", line 193, in open
    fid = np.lib._datasource.open(fname, 'rt', encoding=encoding)
  File "/tudelft.net/staff-bulk/ewi/insy/DBL/swiergarst/flower/lib/python3.10/site-packages/numpy/lib/_datasource.py", line 193, in open
    fid = np.lib._datasource.open(fname, 'rt', encoding=encoding)
  File "/tudelft.net/staff-bulk/ewi/insy/DBL/swiergarst/flower/lib/python3.10/site-packages/numpy/lib/_datasource.py", line 193, in open
    fid = np.lib._datasource.open(fname, 'rt', encoding=encoding)
  File "/tudelft.net/staff-bulk/ewi/insy/DBL/swiergarst/flower/lib/python3.10/site-packages/numpy/lib/_datasource.py", line 193, in open
    fid = np.lib._datasource.open(fname, 'rt', encoding=encoding)
  File "/tudelft.net/staff-bulk/ewi/insy/DBL/swiergarst/flower/lib/python3.10/site-packages/numpy/lib/_datasource.py", line 193, in open
    fid = np.lib._datasource.open(fname, 'rt', encoding=encoding)
  File "/tudelft.net/staff-bulk/ewi/insy/DBL/swiergarst/flower/lib/python3.10/site-packages/numpy/lib/_datasource.py", line 193, in open
    fid = np.lib._datasource.open(fname, 'rt', encoding=encoding)
  File "/tudelft.net/staff-bulk/ewi/insy/DBL/swiergarst/flower/lib/python3.10/site-packages/numpy/lib/_datasource.py", line 193, in open
    return ds.open(path, mode, encoding=encoding, newline=newline)
  File "/tudelft.net/staff-bulk/ewi/insy/DBL/swiergarst/flower/lib/python3.10/site-packages/numpy/lib/_datasource.py", line 533, in open
    return ds.open(path, mode, encoding=encoding, newline=newline)
  File "/tudelft.net/staff-bulk/ewi/insy/DBL/swiergarst/flower/lib/python3.10/site-packages/numpy/lib/_datasource.py", line 533, in open
    return ds.open(path, mode, encoding=encoding, newline=newline)
  File "/tudelft.net/staff-bulk/ewi/insy/DBL/swiergarst/flower/lib/python3.10/site-packages/numpy/lib/_datasource.py", line 533, in open
    return ds.open(path, mode, encoding=encoding, newline=newline)
  File "/tudelft.net/staff-bulk/ewi/insy/DBL/swiergarst/flower/lib/python3.10/site-packages/numpy/lib/_datasource.py", line 533, in open
    return ds.open(path, mode, encoding=encoding, newline=newline)
  File "/tudelft.net/staff-bulk/ewi/insy/DBL/swiergarst/flower/lib/python3.10/site-packages/numpy/lib/_datasource.py", line 533, in open
    return ds.open(path, mode, encoding=encoding, newline=newline)
  File "/tudelft.net/staff-bulk/ewi/insy/DBL/swiergarst/flower/lib/python3.10/site-packages/numpy/lib/_datasource.py", line 533, in open
    return ds.open(path, mode, encoding=encoding, newline=newline)
  File "/tudelft.net/staff-bulk/ewi/insy/DBL/swiergarst/flower/lib/python3.10/site-packages/numpy/lib/_datasource.py", line 533, in open
    return ds.open(path, mode, encoding=encoding, newline=newline)
  File "/tudelft.net/staff-bulk/ewi/insy/DBL/swiergarst/flower/lib/python3.10/site-packages/numpy/lib/_datasource.py", line 533, in open
    return ds.open(path, mode, encoding=encoding, newline=newline)
  File "/tudelft.net/staff-bulk/ewi/insy/DBL/swiergarst/flower/lib/python3.10/site-packages/numpy/lib/_datasource.py", line 533, in open
    return ds.open(path, mode, encoding=encoding, newline=newline)
  File "/tudelft.net/staff-bulk/ewi/insy/DBL/swiergarst/flower/lib/python3.10/site-packages/numpy/lib/_datasource.py", line 533, in open
    return ds.open(path, mode, encoding=encoding, newline=newline)
  File "/tudelft.net/staff-bulk/ewi/insy/DBL/swiergarst/flower/lib/python3.10/site-packages/numpy/lib/_datasource.py", line 533, in open
    return ds.open(path, mode, encoding=encoding, newline=newline)
  File "/tudelft.net/staff-bulk/ewi/insy/DBL/swiergarst/flower/lib/python3.10/site-packages/numpy/lib/_datasource.py", line 533, in open
    return ds.open(path, mode, encoding=encoding, newline=newline)
  File "/tudelft.net/staff-bulk/ewi/insy/DBL/swiergarst/flower/lib/python3.10/site-packages/numpy/lib/_datasource.py", line 533, in open
    return ds.open(path, mode, encoding=encoding, newline=newline)
  File "/tudelft.net/staff-bulk/ewi/insy/DBL/swiergarst/flower/lib/python3.10/site-packages/numpy/lib/_datasource.py", line 533, in open
    return ds.open(path, mode, encoding=encoding, newline=newline)
  File "/tudelft.net/staff-bulk/ewi/insy/DBL/swiergarst/flower/lib/python3.10/site-packages/numpy/lib/_datasource.py", line 533, in open
    fid = np.lib._datasource.open(fname, 'rt', encoding=encoding)
  File "/tudelft.net/staff-bulk/ewi/insy/DBL/swiergarst/flower/lib/python3.10/site-packages/numpy/lib/_datasource.py", line 193, in open
    return ds.open(path, mode, encoding=encoding, newline=newline)
  File "/tudelft.net/staff-bulk/ewi/insy/DBL/swiergarst/flower/lib/python3.10/site-packages/numpy/lib/_datasource.py", line 533, in open
    return ds.open(path, mode, encoding=encoding, newline=newline)
  File "/tudelft.net/staff-bulk/ewi/insy/DBL/swiergarst/flower/lib/python3.10/site-packages/numpy/lib/_datasource.py", line 533, in open
    return ds.open(path, mode, encoding=encoding, newline=newline)
  File "/tudelft.net/staff-bulk/ewi/insy/DBL/swiergarst/flower/lib/python3.10/site-packages/numpy/lib/_datasource.py", line 533, in open
    return ds.open(path, mode, encoding=encoding, newline=newline)
  File "/tudelft.net/staff-bulk/ewi/insy/DBL/swiergarst/flower/lib/python3.10/site-packages/numpy/lib/_datasource.py", line 533, in open
    return ds.open(path, mode, encoding=encoding, newline=newline)
  File "/tudelft.net/staff-bulk/ewi/insy/DBL/swiergarst/flower/lib/python3.10/site-packages/numpy/lib/_datasource.py", line 533, in open
    return ds.open(path, mode, encoding=encoding, newline=newline)
  File "/tudelft.net/staff-bulk/ewi/insy/DBL/swiergarst/flower/lib/python3.10/site-packages/numpy/lib/_datasource.py", line 533, in open
    return ds.open(path, mode, encoding=encoding, newline=newline)
  File "/tudelft.net/staff-bulk/ewi/insy/DBL/swiergarst/flower/lib/python3.10/site-packages/numpy/lib/_datasource.py", line 533, in open
    return ds.open(path, mode, encoding=encoding, newline=newline)
  File "/tudelft.net/staff-bulk/ewi/insy/DBL/swiergarst/flower/lib/python3.10/site-packages/numpy/lib/_datasource.py", line 533, in open
    return ds.open(path, mode, encoding=encoding, newline=newline)
  File "/tudelft.net/staff-bulk/ewi/insy/DBL/swiergarst/flower/lib/python3.10/site-packages/numpy/lib/_datasource.py", line 533, in open
    return ds.open(path, mode, encoding=encoding, newline=newline)
  File "/tudelft.net/staff-bulk/ewi/insy/DBL/swiergarst/flower/lib/python3.10/site-packages/numpy/lib/_datasource.py", line 533, in open
    return ds.open(path, mode, encoding=encoding, newline=newline)
  File "/tudelft.net/staff-bulk/ewi/insy/DBL/swiergarst/flower/lib/python3.10/site-packages/numpy/lib/_datasource.py", line 533, in open
    return ds.open(path, mode, encoding=encoding, newline=newline)
  File "/tudelft.net/staff-bulk/ewi/insy/DBL/swiergarst/flower/lib/python3.10/site-packages/numpy/lib/_datasource.py", line 533, in open
    return ds.open(path, mode, encoding=encoding, newline=newline)
  File "/tudelft.net/staff-bulk/ewi/insy/DBL/swiergarst/flower/lib/python3.10/site-packages/numpy/lib/_datasource.py", line 533, in open
    return ds.open(path, mode, encoding=encoding, newline=newline)
  File "/tudelft.net/staff-bulk/ewi/insy/DBL/swiergarst/flower/lib/python3.10/site-packages/numpy/lib/_datasource.py", line 533, in open
    return ds.open(path, mode, encoding=encoding, newline=newline)
  File "/tudelft.net/staff-bulk/ewi/insy/DBL/swiergarst/flower/lib/python3.10/site-packages/numpy/lib/_datasource.py", line 533, in open
    return ds.open(path, mode, encoding=encoding, newline=newline)
  File "/tudelft.net/staff-bulk/ewi/insy/DBL/swiergarst/flower/lib/python3.10/site-packages/numpy/lib/_datasource.py", line 533, in open
    return ds.open(path, mode, encoding=encoding, newline=newline)
  File "/tudelft.net/staff-bulk/ewi/insy/DBL/swiergarst/flower/lib/python3.10/site-packages/numpy/lib/_datasource.py", line 533, in open
    return ds.open(path, mode, encoding=encoding, newline=newline)
  File "/tudelft.net/staff-bulk/ewi/insy/DBL/swiergarst/flower/lib/python3.10/site-packages/numpy/lib/_datasource.py", line 533, in open
    return ds.open(path, mode, encoding=encoding, newline=newline)
  File "/tudelft.net/staff-bulk/ewi/insy/DBL/swiergarst/flower/lib/python3.10/site-packages/numpy/lib/_datasource.py", line 533, in open
    return ds.open(path, mode, encoding=encoding, newline=newline)
  File "/tudelft.net/staff-bulk/ewi/insy/DBL/swiergarst/flower/lib/python3.10/site-packages/numpy/lib/_datasource.py", line 533, in open
    raise FileNotFoundError(f"{path} not found.")
FileNotFoundError: /tudelft.net/staff-bulk/ewi/insy/DBL/swiergarst/fedKMeans/data/fourcancers/client0iid.csv not found.
    raise FileNotFoundError(f"{path} not found.")
FileNotFoundError: /tudelft.net/staff-bulk/ewi/insy/DBL/swiergarst/fedKMeans/data/fourcancers/client0iid.csv not found.
    raise FileNotFoundError(f"{path} not found.")
FileNotFoundError: /tudelft.net/staff-bulk/ewi/insy/DBL/swiergarst/fedKMeans/data/fourcancers/client0iid.csv not found.
    raise FileNotFoundError(f"{path} not found.")
FileNotFoundError: /tudelft.net/staff-bulk/ewi/insy/DBL/swiergarst/fedKMeans/data/fourcancers/client0iid.csv not found.
    raise FileNotFoundError(f"{path} not found.")
FileNotFoundError: /tudelft.net/staff-bulk/ewi/insy/DBL/swiergarst/fedKMeans/data/fourcancers/client0iid.csv not found.
    raise FileNotFoundError(f"{path} not found.")
FileNotFoundError: /tudelft.net/staff-bulk/ewi/insy/DBL/swiergarst/fedKMeans/data/fourcancers/client0iid.csv not found.
    raise FileNotFoundError(f"{path} not found.")
FileNotFoundError: /tudelft.net/staff-bulk/ewi/insy/DBL/swiergarst/fedKMeans/data/fourcancers/client0iid.csv not found.
    raise FileNotFoundError(f"{path} not found.")
FileNotFoundError: /tudelft.net/staff-bulk/ewi/insy/DBL/swiergarst/fedKMeans/data/fourcancers/client0iid.csv not found.
    raise FileNotFoundError(f"{path} not found.")
FileNotFoundError: /tudelft.net/staff-bulk/ewi/insy/DBL/swiergarst/fedKMeans/data/fourcancers/client0iid.csv not found.
    raise FileNotFoundError(f"{path} not found.")
FileNotFoundError: /tudelft.net/staff-bulk/ewi/insy/DBL/swiergarst/fedKMeans/data/fourcancers/client0iid.csv not found.
    raise FileNotFoundError(f"{path} not found.")
FileNotFoundError: /tudelft.net/staff-bulk/ewi/insy/DBL/swiergarst/fedKMeans/data/fourcancers/client0iid.csv not found.
    raise FileNotFoundError(f"{path} not found.")
FileNotFoundError: /tudelft.net/staff-bulk/ewi/insy/DBL/swiergarst/fedKMeans/data/fourcancers/client0iid.csv not found.
    raise FileNotFoundError(f"{path} not found.")
FileNotFoundError: /tudelft.net/staff-bulk/ewi/insy/DBL/swiergarst/fedKMeans/data/fourcancers/client0iid.csv not found.
    raise FileNotFoundError(f"{path} not found.")
FileNotFoundError: /tudelft.net/staff-bulk/ewi/insy/DBL/swiergarst/fedKMeans/data/fourcancers/client0iid.csv not found.
    raise FileNotFoundError(f"{path} not found.")
FileNotFoundError: /tudelft.net/staff-bulk/ewi/insy/DBL/swiergarst/fedKMeans/data/fourcancers/client0iid.csv not found.
    return ds.open(path, mode, encoding=encoding, newline=newline)
  File "/tudelft.net/staff-bulk/ewi/insy/DBL/swiergarst/flower/lib/python3.10/site-packages/numpy/lib/_datasource.py", line 533, in open
    raise FileNotFoundError(f"{path} not found.")
    raise FileNotFoundError(f"{path} not found.")
FileNotFoundError: /tudelft.net/staff-bulk/ewi/insy/DBL/swiergarst/fedKMeans/data/fourcancers/client0iid.csv not found.
    raise FileNotFoundError(f"{path} not found.")
FileNotFoundError: /tudelft.net/staff-bulk/ewi/insy/DBL/swiergarst/fedKMeans/data/fourcancers/client0iid.csv not found.
    raise FileNotFoundError(f"{path} not found.")
FileNotFoundError: /tudelft.net/staff-bulk/ewi/insy/DBL/swiergarst/fedKMeans/data/fourcancers/client0iid.csv not found.
FileNotFoundError: /tudelft.net/staff-bulk/ewi/insy/DBL/swiergarst/fedKMeans/data/fourcancers/client0iid.csv not found.
    raise FileNotFoundError(f"{path} not found.")
FileNotFoundError: /tudelft.net/staff-bulk/ewi/insy/DBL/swiergarst/fedKMeans/data/fourcancers/client0iid.csv not found.
    raise FileNotFoundError(f"{path} not found.")
FileNotFoundError: /tudelft.net/staff-bulk/ewi/insy/DBL/swiergarst/fedKMeans/data/fourcancers/client0iid.csv not found.
    raise FileNotFoundError(f"{path} not found.")
FileNotFoundError: /tudelft.net/staff-bulk/ewi/insy/DBL/swiergarst/fedKMeans/data/fourcancers/client0iid.csv not found.
    raise FileNotFoundError(f"{path} not found.")
FileNotFoundError: /tudelft.net/staff-bulk/ewi/insy/DBL/swiergarst/fedKMeans/data/fourcancers/client0iid.csv not found.
    raise FileNotFoundError(f"{path} not found.")
FileNotFoundError: /tudelft.net/staff-bulk/ewi/insy/DBL/swiergarst/fedKMeans/data/fourcancers/client0iid.csv not found.
    raise FileNotFoundError(f"{path} not found.")
FileNotFoundError: /tudelft.net/staff-bulk/ewi/insy/DBL/swiergarst/fedKMeans/data/fourcancers/client0iid.csv not found.
    raise FileNotFoundError(f"{path} not found.")
    raise FileNotFoundError(f"{path} not found.")
FileNotFoundError: /tudelft.net/staff-bulk/ewi/insy/DBL/swiergarst/fedKMeans/data/fourcancers/client0iid.csv not found.
    raise FileNotFoundError(f"{path} not found.")
FileNotFoundError: /tudelft.net/staff-bulk/ewi/insy/DBL/swiergarst/fedKMeans/data/fourcancers/client0iid.csv not found.
    raise FileNotFoundError(f"{path} not found.")
FileNotFoundError: /tudelft.net/staff-bulk/ewi/insy/DBL/swiergarst/fedKMeans/data/fourcancers/client0iid.csv not found.
    raise FileNotFoundError(f"{path} not found.")
FileNotFoundError: /tudelft.net/staff-bulk/ewi/insy/DBL/swiergarst/fedKMeans/data/fourcancers/client0iid.csv not found.
FileNotFoundError: /tudelft.net/staff-bulk/ewi/insy/DBL/swiergarst/fedKMeans/data/fourcancers/client0iid.csv not found.
    raise FileNotFoundError(f"{path} not found.")
FileNotFoundError: /tudelft.net/staff-bulk/ewi/insy/DBL/swiergarst/fedKMeans/data/fourcancers/client0iid.csv not found.
    raise FileNotFoundError(f"{path} not found.")
FileNotFoundError: /tudelft.net/staff-bulk/ewi/insy/DBL/swiergarst/fedKMeans/data/fourcancers/client0iid.csv not found.
    raise FileNotFoundError(f"{path} not found.")
FileNotFoundError: /tudelft.net/staff-bulk/ewi/insy/DBL/swiergarst/fedKMeans/data/fourcancers/client0iid.csv not found.
    raise FileNotFoundError(f"{path} not found.")
FileNotFoundError: /tudelft.net/staff-bulk/ewi/insy/DBL/swiergarst/fedKMeans/data/fourcancers/client0iid.csv not found.
    raise FileNotFoundError(f"{path} not found.")
FileNotFoundError: /tudelft.net/staff-bulk/ewi/insy/DBL/swiergarst/fedKMeans/data/fourcancers/client0iid.csv not found.
    raise FileNotFoundError(f"{path} not found.")
FileNotFoundError: /tudelft.net/staff-bulk/ewi/insy/DBL/swiergarst/fedKMeans/data/fourcancers/client0iid.csv not found.
srun: error: awi23: tasks 0-35: Exited with exit code 1
srun: launch/slurm: _step_signal: Terminating StepId=10670611.0
srun: error: awi24: tasks 36-75: Terminated
srun: error: awi26: tasks 138-199: Terminated
srun: error: awi25: tasks 76-137: Terminated
srun: Force Terminated StepId=10670611.0
