Traceback (most recent call last):
  File "/tudelft.net/staff-bulk/ewi/insy/DBL/swiergarst/fedKMeans/HPC_scripts/../main.py", line 40, in <module>
    results = run(config)
  File "/tudelft.net/staff-bulk/ewi/insy/DBL/swiergarst/fedKMeans/fed_kmeans.py", line 186, in run
    avg_scores[1,r] = calc_ssilh_score_fed2(clients, global_clusters)
  File "/tudelft.net/staff-bulk/ewi/insy/DBL/swiergarst/fedKMeans/common.py", line 126, in calc_ssilh_score_fed2
    cluster_average, cluster_size = client.get_cluster_averages(centers)
AttributeError: 'client_FKM' object has no attribute 'get_cluster_averages'
srun: error: gpu08: task 193: Exited with exit code 1
srun: launch/slurm: _step_signal: Terminating StepId=10670641.0
slurmstepd: error: *** STEP 10670641.0 ON awi01 CANCELLED AT 2024-07-02T15:46:38 ***
slurmstepd: error: common_file_write_content: unable to open '/sys/fs/cgroup/freezer/slurm/uid_618619/job_10670641/step_0/freezer.state' for writing: Permission denied
srun: error: gpu08: tasks 190-192,194-199: Terminated
slurmstepd: error: common_file_write_content: unable to open '/sys/fs/cgroup/freezer/slurm/uid_618619/job_10670641/step_0/freezer.state' for writing: Permission denied
slurmstepd: error: common_file_write_content: unable to open '/sys/fs/cgroup/freezer/slurm/uid_618619/job_10670641/step_0/freezer.state' for writing: Permission denied
slurmstepd: error: common_file_write_content: unable to open '/sys/fs/cgroup/freezer/slurm/uid_618619/job_10670641/step_0/freezer.state' for writing: Permission denied
srun: error: gpu07: tasks 144-189: Terminated
srun: error: gpu05: tasks 62-107: Terminated
srun: error: awi01: tasks 0-13: Terminated
srun: error: awi02: tasks 14-61: Terminated
srun: error: gpu06: tasks 108-143: Terminated
srun: Force Terminated StepId=10670641.0
