Not a conda environment: /tudelft.net/staff-bulk/ewi/insy/DBL/swiergarst/envs/pytorch2
Traceback (most recent call last):
  File "/tudelft.net/staff-bulk/ewi/insy/DBL/swiergarst/fedKMeans/HPC_scripts/main.py", line 2, in <module>
Traceback (most recent call last):
  File "/tudelft.net/staff-bulk/ewi/insy/DBL/swiergarst/fedKMeans/HPC_scripts/main.py", line 2, in <module>
    from fed_kmeans import run
ModuleNotFoundError: No module named 'fed_kmeans'
    from fed_kmeans import run
ModuleNotFoundError: No module named 'fed_kmeans'
Traceback (most recent call last):
  File "/tudelft.net/staff-bulk/ewi/insy/DBL/swiergarst/fedKMeans/HPC_scripts/main.py", line 2, in <module>
    from fed_kmeans import run
ModuleNotFoundError: No module named 'fed_kmeans'
Traceback (most recent call last):
  File "/tudelft.net/staff-bulk/ewi/insy/DBL/swiergarst/fedKMeans/HPC_scripts/main.py", line 2, in <module>
    from fed_kmeans import run
ModuleNotFoundError: No module named 'fed_kmeans'
Traceback (most recent call last):
  File "/tudelft.net/staff-bulk/ewi/insy/DBL/swiergarst/fedKMeans/HPC_scripts/main.py", line 2, in <module>
Traceback (most recent call last):
  File "/tudelft.net/staff-bulk/ewi/insy/DBL/swiergarst/fedKMeans/HPC_scripts/main.py", line 2, in <module>
    from fed_kmeans import run
ModuleNotFoundError: No module named 'fed_kmeans'
    from fed_kmeans import run
ModuleNotFoundError: No module named 'fed_kmeans'
Traceback (most recent call last):
  File "/tudelft.net/staff-bulk/ewi/insy/DBL/swiergarst/fedKMeans/HPC_scripts/main.py", line 2, in <module>
Traceback (most recent call last):
  File "/tudelft.net/staff-bulk/ewi/insy/DBL/swiergarst/fedKMeans/HPC_scripts/main.py", line 2, in <module>
    from fed_kmeans import run
ModuleNotFoundError: No module named 'fed_kmeans'
    from fed_kmeans import run
ModuleNotFoundError: No module named 'fed_kmeans'
srun: error: gpu12: tasks 128-135: Exited with exit code 1
srun: launch/slurm: _step_signal: Terminating StepId=10670389.0
slurmstepd: error: *** STEP 10670389.0 ON awi01 CANCELLED AT 2024-07-01T18:04:00 ***
slurmstepd: error: common_file_write_content: unable to open '/sys/fs/cgroup/freezer/slurm/uid_618619/job_10670389/step_0/freezer.state' for writing: Permission denied
srun: error: awi02: tasks 72-127: Terminated
srun: error: insy16: tasks 136-199: Terminated
slurmstepd: error: common_file_write_content: unable to open '/sys/fs/cgroup/freezer/slurm/uid_618619/job_10670389/step_0/freezer.state' for writing: Permission denied
srun: error: awi01: tasks 0-71: Terminated
srun: Force Terminated StepId=10670389.0
