Traceback (most recent call last):
  File "/tudelft.net/staff-bulk/ewi/insy/DBL/swiergarst/fedKMeans/HPC_scripts/../main.py", line 40, in <module>
    results = run(config)
  File "/tudelft.net/staff-bulk/ewi/insy/DBL/swiergarst/fedKMeans/fed_kmeans.py", line 204, in run
    avg_scores[1,r] = calc_ssilh_score_fed2(clients, global_clusters)
  File "/tudelft.net/staff-bulk/ewi/insy/DBL/swiergarst/fedKMeans/common.py", line 130, in calc_ssilh_score_fed2
    global_cluster_averages = weighted_avg(cluster_averages, cluster_sizes)
  File "/tudelft.net/staff-bulk/ewi/insy/DBL/swiergarst/fedKMeans/common.py", line 221, in weighted_avg
    avg_scores = np.zeros(scores.shape[1])
AttributeError: 'list' object has no attribute 'shape'
Traceback (most recent call last):
  File "/tudelft.net/staff-bulk/ewi/insy/DBL/swiergarst/fedKMeans/HPC_scripts/../main.py", line 40, in <module>
    results = run(config)
  File "/tudelft.net/staff-bulk/ewi/insy/DBL/swiergarst/fedKMeans/fed_kmeans.py", line 204, in run
    avg_scores[1,r] = calc_ssilh_score_fed2(clients, global_clusters)
  File "/tudelft.net/staff-bulk/ewi/insy/DBL/swiergarst/fedKMeans/common.py", line 130, in calc_ssilh_score_fed2
    global_cluster_averages = weighted_avg(cluster_averages, cluster_sizes)
  File "/tudelft.net/staff-bulk/ewi/insy/DBL/swiergarst/fedKMeans/common.py", line 221, in weighted_avg
    avg_scores = np.zeros(scores.shape[1])
AttributeError: 'list' object has no attribute 'shape'
srun: error: influ5: task 182: Exited with exit code 1
srun: launch/slurm: _step_signal: Terminating StepId=10671097.0
slurmstepd: error: *** STEP 10671097.0 ON awi23 CANCELLED AT 2024-07-03T08:40:53 ***
srun: error: awi23: task 1: Terminated
srun: error: influ6: tasks 184-195,197-199: Terminated
slurmstepd: error: common_file_write_content: unable to open '/sys/fs/cgroup/freezer/slurm/uid_618619/job_10671097/step_0/freezer.state' for writing: Permission denied
slurmstepd: error: common_file_write_content: unable to open '/sys/fs/cgroup/freezer/slurm/uid_618619/job_10671097/step_0/freezer.state' for writing: Permission denied
srun: error: awi23: task 0: Terminated
srun: error: influ6: task 196: Terminated
srun: error: influ4: tasks 110-133: Terminated
slurmstepd: error: common_file_write_content: unable to open '/sys/fs/cgroup/freezer/slurm/uid_618619/job_10671097/step_0/freezer.state' for writing: Permission denied
slurmstepd: error: common_file_write_content: unable to open '/sys/fs/cgroup/freezer/slurm/uid_618619/job_10671097/step_0/freezer.state' for writing: Permission denied
slurmstepd: error: common_file_write_content: unable to open '/sys/fs/cgroup/freezer/slurm/uid_618619/job_10671097/step_0/freezer.state' for writing: Permission denied
srun: error: awi25: tasks 38-73: Terminated
srun: error: awi26: tasks 74-109: Terminated
srun: error: awi24: tasks 2-37: Terminated
srun: error: influ5: tasks 134-181,183: Terminated
srun: Force Terminated StepId=10671097.0
