Traceback (most recent call last):
  File "/tudelft.net/staff-bulk/ewi/insy/DBL/swiergarst/fedKMeans/HPC_scripts/../main.py", line 37, in <module>
Traceback (most recent call last):
  File "/tudelft.net/staff-bulk/ewi/insy/DBL/swiergarst/fedKMeans/HPC_scripts/../main.py", line 37, in <module>
Traceback (most recent call last):
  File "/tudelft.net/staff-bulk/ewi/insy/DBL/swiergarst/fedKMeans/HPC_scripts/../main.py", line 37, in <module>
    results = run(config)
  File "/tudelft.net/staff-bulk/ewi/insy/DBL/swiergarst/fedKMeans/fed_kmeans.py", line 160, in run
    results = run(config)
  File "/tudelft.net/staff-bulk/ewi/insy/DBL/swiergarst/fedKMeans/fed_kmeans.py", line 160, in run
    results = run(config)
  File "/tudelft.net/staff-bulk/ewi/insy/DBL/swiergarst/fedKMeans/fed_kmeans.py", line 160, in run
Traceback (most recent call last):
  File "/tudelft.net/staff-bulk/ewi/insy/DBL/swiergarst/fedKMeans/HPC_scripts/../main.py", line 37, in <module>
Traceback (most recent call last):
  File "/tudelft.net/staff-bulk/ewi/insy/DBL/swiergarst/fedKMeans/HPC_scripts/../main.py", line 37, in <module>
    clients, local_clusters, cluster_sizes = load_clients(config)
  File "/tudelft.net/staff-bulk/ewi/insy/DBL/swiergarst/fedKMeans/fed_kmeans.py", line 127, in load_clients
    clients, local_clusters, cluster_sizes = load_clients(config)
  File "/tudelft.net/staff-bulk/ewi/insy/DBL/swiergarst/fedKMeans/fed_kmeans.py", line 127, in load_clients
    clients, local_clusters, cluster_sizes = load_clients(config)
  File "/tudelft.net/staff-bulk/ewi/insy/DBL/swiergarst/fedKMeans/fed_kmeans.py", line 127, in load_clients
    results = run(config)
  File "/tudelft.net/staff-bulk/ewi/insy/DBL/swiergarst/fedKMeans/fed_kmeans.py", line 160, in run
    results = run(config)
  File "/tudelft.net/staff-bulk/ewi/insy/DBL/swiergarst/fedKMeans/fed_kmeans.py", line 160, in run
    data, labels = load_data(i, config['dset'], beta=config['beta'], ppc = config['ppc'], noise=config['noise'])
  File "/tudelft.net/staff-bulk/ewi/insy/DBL/swiergarst/fedKMeans/common.py", line 32, in load_data
    data, labels = load_data(i, config['dset'], beta=config['beta'], ppc = config['ppc'], noise=config['noise'])
  File "/tudelft.net/staff-bulk/ewi/insy/DBL/swiergarst/fedKMeans/common.py", line 32, in load_data
    data, labels = load_data(i, config['dset'], beta=config['beta'], ppc = config['ppc'], noise=config['noise'])
  File "/tudelft.net/staff-bulk/ewi/insy/DBL/swiergarst/fedKMeans/common.py", line 32, in load_data
    clients, local_clusters, cluster_sizes = load_clients(config)
  File "/tudelft.net/staff-bulk/ewi/insy/DBL/swiergarst/fedKMeans/fed_kmeans.py", line 127, in load_clients
    clients, local_clusters, cluster_sizes = load_clients(config)
  File "/tudelft.net/staff-bulk/ewi/insy/DBL/swiergarst/fedKMeans/fed_kmeans.py", line 127, in load_clients
    data = np.genfromtxt(datafile, delimiter=',')
  File "/tudelft.net/staff-bulk/ewi/insy/DBL/swiergarst/flower/lib/python3.10/site-packages/numpy/lib/npyio.py", line 1980, in genfromtxt
    data = np.genfromtxt(datafile, delimiter=',')
  File "/tudelft.net/staff-bulk/ewi/insy/DBL/swiergarst/flower/lib/python3.10/site-packages/numpy/lib/npyio.py", line 1980, in genfromtxt
    data = np.genfromtxt(datafile, delimiter=',')
  File "/tudelft.net/staff-bulk/ewi/insy/DBL/swiergarst/flower/lib/python3.10/site-packages/numpy/lib/npyio.py", line 1980, in genfromtxt
    data, labels = load_data(i, config['dset'], beta=config['beta'], ppc = config['ppc'], noise=config['noise'])
  File "/tudelft.net/staff-bulk/ewi/insy/DBL/swiergarst/fedKMeans/common.py", line 32, in load_data
    data, labels = load_data(i, config['dset'], beta=config['beta'], ppc = config['ppc'], noise=config['noise'])
  File "/tudelft.net/staff-bulk/ewi/insy/DBL/swiergarst/fedKMeans/common.py", line 32, in load_data
    fid = np.lib._datasource.open(fname, 'rt', encoding=encoding)
  File "/tudelft.net/staff-bulk/ewi/insy/DBL/swiergarst/flower/lib/python3.10/site-packages/numpy/lib/_datasource.py", line 193, in open
    fid = np.lib._datasource.open(fname, 'rt', encoding=encoding)
  File "/tudelft.net/staff-bulk/ewi/insy/DBL/swiergarst/flower/lib/python3.10/site-packages/numpy/lib/_datasource.py", line 193, in open
    fid = np.lib._datasource.open(fname, 'rt', encoding=encoding)
  File "/tudelft.net/staff-bulk/ewi/insy/DBL/swiergarst/flower/lib/python3.10/site-packages/numpy/lib/_datasource.py", line 193, in open
    data = np.genfromtxt(datafile, delimiter=',')
  File "/tudelft.net/staff-bulk/ewi/insy/DBL/swiergarst/flower/lib/python3.10/site-packages/numpy/lib/npyio.py", line 1980, in genfromtxt
    data = np.genfromtxt(datafile, delimiter=',')
  File "/tudelft.net/staff-bulk/ewi/insy/DBL/swiergarst/flower/lib/python3.10/site-packages/numpy/lib/npyio.py", line 1980, in genfromtxt
    return ds.open(path, mode, encoding=encoding, newline=newline)
  File "/tudelft.net/staff-bulk/ewi/insy/DBL/swiergarst/flower/lib/python3.10/site-packages/numpy/lib/_datasource.py", line 533, in open
    return ds.open(path, mode, encoding=encoding, newline=newline)
  File "/tudelft.net/staff-bulk/ewi/insy/DBL/swiergarst/flower/lib/python3.10/site-packages/numpy/lib/_datasource.py", line 533, in open
    return ds.open(path, mode, encoding=encoding, newline=newline)
  File "/tudelft.net/staff-bulk/ewi/insy/DBL/swiergarst/flower/lib/python3.10/site-packages/numpy/lib/_datasource.py", line 533, in open
Traceback (most recent call last):
  File "/tudelft.net/staff-bulk/ewi/insy/DBL/swiergarst/fedKMeans/HPC_scripts/../main.py", line 37, in <module>
    fid = np.lib._datasource.open(fname, 'rt', encoding=encoding)
  File "/tudelft.net/staff-bulk/ewi/insy/DBL/swiergarst/flower/lib/python3.10/site-packages/numpy/lib/_datasource.py", line 193, in open
    fid = np.lib._datasource.open(fname, 'rt', encoding=encoding)
  File "/tudelft.net/staff-bulk/ewi/insy/DBL/swiergarst/flower/lib/python3.10/site-packages/numpy/lib/_datasource.py", line 193, in open
    raise FileNotFoundError(f"{path} not found.")
FileNotFoundError: /tudelft.net/staff-bulk/ewi/insy/DBL/swiergarst/fedKMeans/data/beta10.0/cluster_beta10.0_ppc50_noise1_client0.csv not found.
    raise FileNotFoundError(f"{path} not found.")
FileNotFoundError: /tudelft.net/staff-bulk/ewi/insy/DBL/swiergarst/fedKMeans/data/beta10.0/cluster_beta10.0_ppc50_noise1_client0.csv not found.
    raise FileNotFoundError(f"{path} not found.")
FileNotFoundError: /tudelft.net/staff-bulk/ewi/insy/DBL/swiergarst/fedKMeans/data/beta10.0/cluster_beta10.0_ppc50_noise1_client0.csv not found.
Traceback (most recent call last):
  File "/tudelft.net/staff-bulk/ewi/insy/DBL/swiergarst/fedKMeans/HPC_scripts/../main.py", line 37, in <module>
    results = run(config)
  File "/tudelft.net/staff-bulk/ewi/insy/DBL/swiergarst/fedKMeans/fed_kmeans.py", line 160, in run
    return ds.open(path, mode, encoding=encoding, newline=newline)
  File "/tudelft.net/staff-bulk/ewi/insy/DBL/swiergarst/flower/lib/python3.10/site-packages/numpy/lib/_datasource.py", line 533, in open
    return ds.open(path, mode, encoding=encoding, newline=newline)
  File "/tudelft.net/staff-bulk/ewi/insy/DBL/swiergarst/flower/lib/python3.10/site-packages/numpy/lib/_datasource.py", line 533, in open
Traceback (most recent call last):
  File "/tudelft.net/staff-bulk/ewi/insy/DBL/swiergarst/fedKMeans/HPC_scripts/../main.py", line 37, in <module>
    results = run(config)
  File "/tudelft.net/staff-bulk/ewi/insy/DBL/swiergarst/fedKMeans/fed_kmeans.py", line 160, in run
Traceback (most recent call last):
  File "/tudelft.net/staff-bulk/ewi/insy/DBL/swiergarst/fedKMeans/HPC_scripts/../main.py", line 37, in <module>
Traceback (most recent call last):
  File "/tudelft.net/staff-bulk/ewi/insy/DBL/swiergarst/fedKMeans/HPC_scripts/../main.py", line 37, in <module>
    clients, local_clusters, cluster_sizes = load_clients(config)
  File "/tudelft.net/staff-bulk/ewi/insy/DBL/swiergarst/fedKMeans/fed_kmeans.py", line 127, in load_clients
    raise FileNotFoundError(f"{path} not found.")
FileNotFoundError: /tudelft.net/staff-bulk/ewi/insy/DBL/swiergarst/fedKMeans/data/beta10.0/cluster_beta10.0_ppc50_noise1_client0.csv not found.
    raise FileNotFoundError(f"{path} not found.")
FileNotFoundError: /tudelft.net/staff-bulk/ewi/insy/DBL/swiergarst/fedKMeans/data/beta10.0/cluster_beta10.0_ppc50_noise1_client0.csv not found.
    results = run(config)
  File "/tudelft.net/staff-bulk/ewi/insy/DBL/swiergarst/fedKMeans/fed_kmeans.py", line 160, in run
    clients, local_clusters, cluster_sizes = load_clients(config)
  File "/tudelft.net/staff-bulk/ewi/insy/DBL/swiergarst/fedKMeans/fed_kmeans.py", line 127, in load_clients
    results = run(config)
  File "/tudelft.net/staff-bulk/ewi/insy/DBL/swiergarst/fedKMeans/fed_kmeans.py", line 160, in run
    results = run(config)
  File "/tudelft.net/staff-bulk/ewi/insy/DBL/swiergarst/fedKMeans/fed_kmeans.py", line 160, in run
    clients, local_clusters, cluster_sizes = load_clients(config)
  File "/tudelft.net/staff-bulk/ewi/insy/DBL/swiergarst/fedKMeans/fed_kmeans.py", line 127, in load_clients
    data, labels = load_data(i, config['dset'], beta=config['beta'], ppc = config['ppc'], noise=config['noise'])
  File "/tudelft.net/staff-bulk/ewi/insy/DBL/swiergarst/fedKMeans/common.py", line 32, in load_data
    data, labels = load_data(i, config['dset'], beta=config['beta'], ppc = config['ppc'], noise=config['noise'])
  File "/tudelft.net/staff-bulk/ewi/insy/DBL/swiergarst/fedKMeans/common.py", line 32, in load_data
    clients, local_clusters, cluster_sizes = load_clients(config)
  File "/tudelft.net/staff-bulk/ewi/insy/DBL/swiergarst/fedKMeans/fed_kmeans.py", line 127, in load_clients
    clients, local_clusters, cluster_sizes = load_clients(config)
  File "/tudelft.net/staff-bulk/ewi/insy/DBL/swiergarst/fedKMeans/fed_kmeans.py", line 127, in load_clients
    data, labels = load_data(i, config['dset'], beta=config['beta'], ppc = config['ppc'], noise=config['noise'])
  File "/tudelft.net/staff-bulk/ewi/insy/DBL/swiergarst/fedKMeans/common.py", line 32, in load_data
    data = np.genfromtxt(datafile, delimiter=',')
  File "/tudelft.net/staff-bulk/ewi/insy/DBL/swiergarst/flower/lib/python3.10/site-packages/numpy/lib/npyio.py", line 1980, in genfromtxt
    data, labels = load_data(i, config['dset'], beta=config['beta'], ppc = config['ppc'], noise=config['noise'])
  File "/tudelft.net/staff-bulk/ewi/insy/DBL/swiergarst/fedKMeans/common.py", line 32, in load_data
    data = np.genfromtxt(datafile, delimiter=',')
  File "/tudelft.net/staff-bulk/ewi/insy/DBL/swiergarst/flower/lib/python3.10/site-packages/numpy/lib/npyio.py", line 1980, in genfromtxt
    data, labels = load_data(i, config['dset'], beta=config['beta'], ppc = config['ppc'], noise=config['noise'])
  File "/tudelft.net/staff-bulk/ewi/insy/DBL/swiergarst/fedKMeans/common.py", line 32, in load_data
    data = np.genfromtxt(datafile, delimiter=',')
  File "/tudelft.net/staff-bulk/ewi/insy/DBL/swiergarst/flower/lib/python3.10/site-packages/numpy/lib/npyio.py", line 1980, in genfromtxt
    fid = np.lib._datasource.open(fname, 'rt', encoding=encoding)
  File "/tudelft.net/staff-bulk/ewi/insy/DBL/swiergarst/flower/lib/python3.10/site-packages/numpy/lib/_datasource.py", line 193, in open
    data = np.genfromtxt(datafile, delimiter=',')
  File "/tudelft.net/staff-bulk/ewi/insy/DBL/swiergarst/flower/lib/python3.10/site-packages/numpy/lib/npyio.py", line 1980, in genfromtxt
    fid = np.lib._datasource.open(fname, 'rt', encoding=encoding)
  File "/tudelft.net/staff-bulk/ewi/insy/DBL/swiergarst/flower/lib/python3.10/site-packages/numpy/lib/_datasource.py", line 193, in open
    data = np.genfromtxt(datafile, delimiter=',')
  File "/tudelft.net/staff-bulk/ewi/insy/DBL/swiergarst/flower/lib/python3.10/site-packages/numpy/lib/npyio.py", line 1980, in genfromtxt
    fid = np.lib._datasource.open(fname, 'rt', encoding=encoding)
  File "/tudelft.net/staff-bulk/ewi/insy/DBL/swiergarst/flower/lib/python3.10/site-packages/numpy/lib/_datasource.py", line 193, in open
    return ds.open(path, mode, encoding=encoding, newline=newline)
  File "/tudelft.net/staff-bulk/ewi/insy/DBL/swiergarst/flower/lib/python3.10/site-packages/numpy/lib/_datasource.py", line 533, in open
    fid = np.lib._datasource.open(fname, 'rt', encoding=encoding)
  File "/tudelft.net/staff-bulk/ewi/insy/DBL/swiergarst/flower/lib/python3.10/site-packages/numpy/lib/_datasource.py", line 193, in open
    return ds.open(path, mode, encoding=encoding, newline=newline)
  File "/tudelft.net/staff-bulk/ewi/insy/DBL/swiergarst/flower/lib/python3.10/site-packages/numpy/lib/_datasource.py", line 533, in open
    fid = np.lib._datasource.open(fname, 'rt', encoding=encoding)
  File "/tudelft.net/staff-bulk/ewi/insy/DBL/swiergarst/flower/lib/python3.10/site-packages/numpy/lib/_datasource.py", line 193, in open
    return ds.open(path, mode, encoding=encoding, newline=newline)
  File "/tudelft.net/staff-bulk/ewi/insy/DBL/swiergarst/flower/lib/python3.10/site-packages/numpy/lib/_datasource.py", line 533, in open
    return ds.open(path, mode, encoding=encoding, newline=newline)
  File "/tudelft.net/staff-bulk/ewi/insy/DBL/swiergarst/flower/lib/python3.10/site-packages/numpy/lib/_datasource.py", line 533, in open
    return ds.open(path, mode, encoding=encoding, newline=newline)
  File "/tudelft.net/staff-bulk/ewi/insy/DBL/swiergarst/flower/lib/python3.10/site-packages/numpy/lib/_datasource.py", line 533, in open
    raise FileNotFoundError(f"{path} not found.")
FileNotFoundError: /tudelft.net/staff-bulk/ewi/insy/DBL/swiergarst/fedKMeans/data/beta10.0/cluster_beta10.0_ppc50_noise1_client0.csv not found.
srun: error: gpu07: tasks 180,182,184,186,198: Exited with exit code 1
srun: launch/slurm: _step_signal: Terminating StepId=10670370.0
    raise FileNotFoundError(f"{path} not found.")
FileNotFoundError: /tudelft.net/staff-bulk/ewi/insy/DBL/swiergarst/fedKMeans/data/beta10.0/cluster_beta10.0_ppc50_noise1_client0.csv not found.
slurmstepd: error: *** STEP 10670370.0 ON gpu05 CANCELLED AT 2024-07-01T18:03:53 ***
srun: error: gpu05: tasks 0,2-47: Terminated
srun: error: gpu07: tasks 140-179,183,185,187-197,199: Terminated
slurmstepd: error: common_file_write_content: unable to open '/sys/fs/cgroup/freezer/slurm/uid_618619/job_10670370/step_0/freezer.state' for writing: Permission denied
srun: error: gpu07: task 181: Terminated
srun: error: gpu06: tasks 48-139: Terminated
srun: error: gpu05: task 1: Terminated
srun: Force Terminated StepId=10670370.0
