usage: run_kfed.py [-h] [-d D] [-k K] [-l L] [-b B] [-p P] [-n N]
usage: run_kfed.py [-h] [-d D] [-k K] [-l L] [-b B] [-p P] [-n N]
usage: run_kfed.py [-h] [-d D] [-k K] [-l L] [-b B] [-p P] [-n N]
run_kfed.py: error: argument -p: expected one argument
run_kfed.py: error: argument -p: expected one argument
run_kfed.py: error: argument -p: expected one argument
usage: run_kfed.py [-h] [-d D] [-k K] [-l L] [-b B] [-p P] [-n N]
run_kfed.py: error: argument -p: expected one argument
usage: run_kfed.py [-h] [-d D] [-k K] [-l L] [-b B] [-p P] [-n N]
run_kfed.py: error: argument -p: expected one argument
usage: run_kfed.py [-h] [-d D] [-k K] [-l L] [-b B] [-p P] [-n N]
run_kfed.py: error: argument -p: expected one argument
usage: run_kfed.py [-h] [-d D] [-k K] [-l L] [-b B] [-p P] [-n N]
run_kfed.py: error: argument -p: expected one argument
usage: run_kfed.py [-h] [-d D] [-k K] [-l L] [-b B] [-p P] [-n N]
run_kfed.py: error: argument -p: expected one argument
usage: run_kfed.py [-h] [-d D] [-k K] [-l L] [-b B] [-p P] [-n N]
run_kfed.py: error: argument -p: expected one argument
usage: run_kfed.py [-h] [-d D] [-k K] [-l L] [-b B] [-p P] [-n N]
run_kfed.py: error: argument -p: expected one argument
usage: run_kfed.py [-h] [-d D] [-k K] [-l L] [-b B] [-p P] [-n N]
run_kfed.py: error: argument -p: expected one argument
usage: run_kfed.py [-h] [-d D] [-k K] [-l L] [-b B] [-p P] [-n N]
run_kfed.py: error: argument -p: expected one argument
usage: run_kfed.py [-h] [-d D] [-k K] [-l L] [-b B] [-p P] [-n N]
usage: run_kfed.py [-h] [-d D] [-k K] [-l L] [-b B] [-p P] [-n N]
run_kfed.py: error: argument -p: expected one argument
run_kfed.py: error: argument -p: expected one argument
usage: run_kfed.py [-h] [-d D] [-k K] [-l L] [-b B] [-p P] [-n N]
run_kfed.py: error: argument -p: expected one argument
usage: run_kfed.py [-h] [-d D] [-k K] [-l L] [-b B] [-p P] [-n N]
run_kfed.py: error: argument -p: expected one argument
usage: run_kfed.py [-h] [-d D] [-k K] [-l L] [-b B] [-p P] [-n N]
run_kfed.py: error: argument -p: expected one argument
usage: run_kfed.py [-h] [-d D] [-k K] [-l L] [-b B] [-p P] [-n N]
run_kfed.py: error: argument -p: expected one argument
srun: error: influ2: tasks 84-90,92-101: Exited with exit code 2
srun: launch/slurm: _step_signal: Terminating StepId=10671135.0
slurmstepd: error: *** STEP 10671135.0 ON 100plus CANCELLED AT 2024-07-03T11:29:35 ***
slurmstepd: error: common_file_write_content: unable to open '/sys/fs/cgroup/freezer/slurm/uid_618619/job_10671135/step_0/freezer.state' for writing: Permission denied
slurmstepd: error: common_file_write_content: unable to open '/sys/fs/cgroup/freezer/slurm/uid_618619/job_10671135/step_0/freezer.state' for writing: Permission denied
srun: error: influ2: task 91: Exited with exit code 2
srun: error: influ3: tasks 102-119: Terminated
srun: error: influ1: tasks 64-83: Terminated
srun: error: influ6: tasks 120-147: Terminated
srun: error: insy15: tasks 148-199: Terminated
srun: error: 100plus: tasks 0-63: Terminated
srun: Force Terminated StepId=10671135.0
